[debug] [2018-08-09T19:35:02.103Z] ----------------------------------------------------------------------
[debug] [2018-08-09T19:35:02.108Z] Command:       /usr/local/bin/node /usr/local/bin/firebase serve
[debug] [2018-08-09T19:35:02.109Z] CLI Version:   3.18.6
[debug] [2018-08-09T19:35:02.109Z] Platform:      darwin
[debug] [2018-08-09T19:35:02.109Z] Node Version:  v8.11.1
[debug] [2018-08-09T19:35:02.110Z] Time:          Thu Aug 09 2018 12:35:02 GMT-0700 (PDT)
[debug] [2018-08-09T19:35:02.111Z] ----------------------------------------------------------------------
[debug] 
[debug] [2018-08-09T19:35:02.152Z] > command requires scopes: ["email","openid","https://www.googleapis.com/auth/cloudplatformprojects.readonly","https://www.googleapis.com/auth/firebase","https://www.googleapis.com/auth/cloud-platform"]
[debug] [2018-08-09T19:35:02.152Z] > authorizing via signed-in user
[debug] [2018-08-09T19:35:02.156Z] > refreshing access token with scopes: ["email","https://www.googleapis.com/auth/cloud-platform","https://www.googleapis.com/auth/cloudplatformprojects.readonly","https://www.googleapis.com/auth/firebase","openid"]
[debug] [2018-08-09T19:35:02.157Z] >>> HTTP REQUEST POST https://www.googleapis.com/oauth2/v3/token  
 { refresh_token: '1/heq8bjag8oHYfy1JYCJ5bRs84w-s43y8HxBc8L6sYFA',
  client_id: '563584335869-fgrhgmd47bqnekij5i8b5pr03ho849e6.apps.googleusercontent.com',
  client_secret: 'j9iVZfS8kkCEFUPaAeJV0sAi',
  grant_type: 'refresh_token',
  scope: 'email https://www.googleapis.com/auth/cloud-platform https://www.googleapis.com/auth/cloudplatformprojects.readonly https://www.googleapis.com/auth/firebase openid' } 
 Thu Aug 09 2018 12:35:02 GMT-0700 (PDT)
[debug] [2018-08-09T19:35:02.447Z] <<< HTTP RESPONSE 200
[debug] [2018-08-09T19:35:02.474Z] >>> HTTP REQUEST GET https://admin.firebase.com/v1/projects/auth-app-3e935  
  
 Thu Aug 09 2018 12:35:02 GMT-0700 (PDT)
[debug] [2018-08-09T19:35:03.005Z] <<< HTTP RESPONSE 200
[debug] [2018-08-09T19:35:03.006Z] >>> HTTP REQUEST GET https://admin.firebase.com/v1/database/auth-app-3e935/tokens  
  
 Thu Aug 09 2018 12:35:03 GMT-0700 (PDT)
[debug] [2018-08-09T19:35:03.514Z] <<< HTTP RESPONSE 200
[debug] [2018-08-09T19:35:03.515Z] >>> HTTP REQUEST GET https://cloudresourcemanager.googleapis.com/v1/projects/auth-app-3e935  
  
 Thu Aug 09 2018 12:35:03 GMT-0700 (PDT)
[debug] [2018-08-09T19:35:04.374Z] <<< HTTP RESPONSE 200
[info] 
[info] === Serving from '/Users/brink/Authencado'...
[info] 
[debug] [2018-08-09T19:35:04.378Z] >>> HTTP REQUEST GET https://mobilesdk-pa.googleapis.com/v1/projects/337494978262/clients/_:getWebAppConfig  
  
 Thu Aug 09 2018 12:35:04 GMT-0700 (PDT)
[debug] [2018-08-09T19:35:04.988Z] <<< HTTP RESPONSE 200
[info] i  hosting: Serving hosting files from: dist/auth-app
[info] ✔  hosting: Local server: http://localhost:5000

